Arguments: 
  C:\Program Files\nodejs\node.exe C:\Users\Julius\AppData\Roaming\npm\node_modules\yarn\bin\yarn.js add axios

PATH: 
  C:\Users\Julius\bin;C:\Program Files\Git\mingw64\bin;C:\Program Files\Git\usr\local\bin;C:\Program Files\Git\usr\bin;C:\Program Files\Git\usr\bin;C:\Program Files\Git\mingw64\bin;C:\Program Files\Git\usr\bin;C:\Users\Julius\bin;C:\Program Files (x86)\Common Files\Intel\Shared Libraries\redist\intel64\compiler;C:\Android\platform-tools;C:\Android\cmdline-tools\tools;C:\Program Files\Java\jdk-11.0.7\bin;C:\Program Files\nodejs;C:\Android\tools\templates\gradle\wrapper;C:\Windows\System32;C:\Android\cmdline-tools\tools\bin;C:\Android\emulator;C:\WINDOWS\system32;C:\WINDOWS;C:\WINDOWS\System32\Wbem;C:\WINDOWS\System32\WindowsPowerShell\v1.0;C:\WINDOWS\System32\OpenSSH;C:\Program Files\Git\cmd;C:\Users\Julius\AppData\Local\Programs\Python\Python38-32\Scripts;C:\Users\Julius\AppData\Local\Programs\Python\Python38-32;C:\Users\Julius\AppData\Local\Microsoft\WindowsApps;C:\Users\Julius\AppData\Local\Programs\Microsoft VS Code\bin;C:\Users\Julius\AppData\Roaming\npm;C:\Program Files\Git\usr\bin\vendor_perl;C:\Program Files\Git\usr\bin\core_perl

Yarn version: 
  1.22.10

Node version: 
  12.18.1

Platform: 
  win32 x64

Trace: 
  Error: EPERM: operation not permitted, unlink 'F:\projects\foodie\node_modules\.bin\concurrently'

npm manifest: 
  {
    "name": "foodie",
    "version": "1.0.0",
    "description": "A social media website for food lovers and cooks.",
    "main": "index.js",
    "repository": {
      "type": "git",
      "url": ""
    },
    "scripts": {
      "start-client": "cd frontend && npm start",
      "start-server": "cd server && npm start",
      "start": "concurrently \"npm run start-server\" \"npm run start-client\"",
      "init-project": "concurrently \"cd frontend && npm install\" \"cd server && npm install\""
    },
    "keywords": [],
    "author": "Julius Guevarra <juliusguevarra101@gmail.com>",
    "license": "MIT",
    "devDependencies": {
      "concurrently": "^5.3.0"
    }
  }

yarn manifest: 
  No manifest

Lockfile: 
  No lockfile
